<?xml version="1.0" encoding="UTF-8"?>
<!-- Generated by org.testng.reporters.JUnitXMLReporter -->
<testsuite ignored="0" hostname="DESKTOP-24V1VQ8" failures="3" tests="34" name="chillie" time="154.587" errors="0" timestamp="2023-03-31T07:56:16 IST">
  <testcase classname="com.sgtesting.vaniproject.vaniassaivalidation1" name="launch" time="5.626"/>
  <testcase classname="com.sgtesting.vaniproject.vaniassaivalidation1" name="navigate" time="3.473"/>
  <testcase classname="com.sgtesting.vaniproject.vaniassaivalidation1" name="adminlogin" time="4.382"/>
  <testcase classname="com.sgtesting.vaniproject.vaniassaivalidation1" name="minimise" time="0.934"/>
  <testcase classname="com.sgtesting.vaniproject.vaniassaivalidation1" name="createuser" time="9.97"/>
  <testcase classname="com.sgtesting.vaniproject.vaniassaivalidation1" name="deleteuser" time="3.185"/>
  <testcase classname="com.sgtesting.vaniproject.vaniassaivalidation1" name="Logout" time="2.077"/>
  <testcase classname="com.sgtesting.vaniproject.vaniassaivalidation1" name="closeapp" time="0.28"/>
  <testcase classname="com.sgtesting.vaniproject.vanivalidation2" name="launch" time="4.464"/>
  <testcase classname="com.sgtesting.vaniproject.vanivalidation2" name="navigate" time="3.462"/>
  <testcase classname="com.sgtesting.vaniproject.vanivalidation2" name="login" time="4.387"/>
  <testcase classname="com.sgtesting.vaniproject.vanivalidation2" name="minimise" time="2.119"/>
  <testcase classname="com.sgtesting.vaniproject.vanivalidation2" name="customer" time="6.849"/>
  <testcase classname="com.sgtesting.vaniproject.vanivalidation2" name="deletecustomer" time="3.82"/>
  <testcase classname="com.sgtesting.vaniproject.vanivalidation2" name="Logout" time="6.575"/>
  <testcase classname="com.sgtesting.vaniproject.Validation4assa" name="launch" time="4.326"/>
  <testcase classname="com.sgtesting.vaniproject.Validation4assa" name="navigate" time="3.474"/>
  <testcase classname="com.sgtesting.vaniproject.Validation4assa" name="adminlogin" time="4.348"/>
  <testcase classname="com.sgtesting.vaniproject.Validation4assa" name="minimise" time="0.91"/>
  <testcase classname="com.sgtesting.vaniproject.Validation4assa" name="createuser" time="9.779"/>
  <testcase classname="com.sgtesting.vaniproject.Validation4assa" name="createuser" time="9.528">
    <failure type="java.lang.AssertionError" message="expected [true] but found [false]">
      <![CDATA[java.lang.AssertionError: expected [true] but found [false]
at com.sgtesting.vaniproject.Validation4assa.createuser(Validation4assa.java:114)
at java.base/java.util.ArrayList.forEach(ArrayList.java:1511)
... Removed 31 stack frames]]>
    </failure>
  </testcase> <!-- createuser -->
  <testcase classname="com.sgtesting.vaniproject.Validation4assa" name="createuser" time="9.565">
    <failure type="java.lang.AssertionError" message="expected [true] but found [false]">
      <![CDATA[java.lang.AssertionError: expected [true] but found [false]
at com.sgtesting.vaniproject.Validation4assa.createuser(Validation4assa.java:114)
at java.base/java.util.ArrayList.forEach(ArrayList.java:1511)
... Removed 31 stack frames]]>
    </failure>
  </testcase> <!-- createuser -->
  <testcase classname="com.sgtesting.vaniproject.Validation4assa" name="deleteuser" time="8.585"/>
  <testcase classname="com.sgtesting.vaniproject.Validation4assa" name="Logout" time="2.161"/>
  <testcase classname="com.sgtesting.vaniproject.Validation4assa" name="closeapp" time="0.331"/>
  <testcase classname="com.sgtesting.vaniproject.VaniAss3" name="launchbrowser" time="1.502"/>
  <testcase classname="com.sgtesting.vaniproject.VaniAss3" name="Navigate" time="2.989"/>
  <testcase classname="com.sgtesting.vaniproject.VaniAss3" name="adminLogin" time="8.498"/>
  <testcase classname="com.sgtesting.vaniproject.VaniAss3" name="Minimize" time="2.272"/>
  <testcase classname="com.sgtesting.vaniproject.VaniAss3" name="createuser" time="12.344">
    <failure type="java.lang.AssertionError" message="expected [true] but found [false]">
      <![CDATA[java.lang.AssertionError: expected [true] but found [false]
at com.sgtesting.vaniproject.VaniAss3.createuser(VaniAss3.java:107)
at java.base/java.util.ArrayList.forEach(ArrayList.java:1511)
... Removed 31 stack frames]]>
    </failure>
  </testcase> <!-- createuser -->
  <testcase classname="com.sgtesting.vaniproject.VaniAss3" name="modifyuser" time="6.192"/>
  <testcase classname="com.sgtesting.vaniproject.VaniAss3" name="deleteuser" time="3.109"/>
  <testcase classname="com.sgtesting.vaniproject.VaniAss3" name="Logout" time="2.558"/>
  <testcase classname="com.sgtesting.vaniproject.VaniAss3" name="CloseAppln" time="0.252"/>
</testsuite> <!-- chillie -->
