<html>
<head>
<title>TestNG:  chillie</title>
<link href="../testng.css" rel="stylesheet" type="text/css" />
<link href="../my-testng.css" rel="stylesheet" type="text/css" />

<style type="text/css">
.log { display: none;} 
.stack-trace { display: none;} 
</style>
<script type="text/javascript">
<!--
function flip(e) {
  current = e.style.display;
  if (current == 'block') {
    e.style.display = 'none';
    return 0;
  }
  else {
    e.style.display = 'block';
    return 1;
  }
}

function toggleBox(szDivId, elem, msg1, msg2)
{
  var res = -1;  if (document.getElementById) {
    res = flip(document.getElementById(szDivId));
  }
  else if (document.all) {
    // this is the way old msie versions work
    res = flip(document.all[szDivId]);
  }
  if(elem) {
    if(res == 0) elem.innerHTML = msg1; else elem.innerHTML = msg2;
  }

}

function toggleAllBoxes() {
  if (document.getElementsByTagName) {
    d = document.getElementsByTagName('div');
    for (i = 0; i < d.length; i++) {
      if (d[i].className == 'log') {
        flip(d[i]);
      }
    }
  }
}

// -->
</script>

</head>
<body>
<h2 align='center'>chillie</h2><table border='1' align="center">
<tr>
<td>Tests passed/Failed/Skipped:</td><td>31/3/0</td>
</tr><tr>
<td>Started on:</td><td>Fri Mar 31 07:53:41 IST 2023</td>
</tr>
<tr><td>Total time:</td><td>154 seconds (154587 ms)</td>
</tr><tr>
<td>Included groups:</td><td></td>
</tr><tr>
<td>Excluded groups:</td><td></td>
</tr>
</table><p/>
<small><i>(Hover the method name to see the test class name)</i></small><p/>
<table width='100%' border='1' class='invocation-failed'>
<tr><td colspan='4' align='center'><b>FAILED TESTS</b></td></tr>
<tr><td><b>Test method</b></td>
<td width="30%"><b>Exception</b></td>
<td width="10%"><b>Time (seconds)</b></td>
<td><b>Instance</b></td>
</tr>
<tr>
<td title='com.sgtesting.vaniproject.Validation4assa.createuser()'><b>createuser</b><br>Test class: com.sgtesting.vaniproject.Validation4assa<br>Parameters: billi, kittu, kittu@gmail.com, kittubilli, 12345, 12345</td>
<td><div><pre>java.lang.AssertionError: expected [true] but found [false]
	at com.sgtesting.vaniproject.Validation4assa.createuser(Validation4assa.java:114)
	at java.base/java.util.ArrayList.forEach(ArrayList.java:1511)
... Removed 31 stack frames</pre></div><a href='#' onClick='toggleBox("stack-trace812609309", this, "Click to show all stack frames", "Click to hide stack frames")'>Click to show all stack frames</a>
<div class='stack-trace' id='stack-trace812609309'><pre>java.lang.AssertionError: expected [true] but found [false]
	at org.testng.Assert.fail(Assert.java:99)
	at org.testng.Assert.failNotEquals(Assert.java:1037)
	at org.testng.Assert.assertTrue(Assert.java:45)
	at org.testng.Assert.assertTrue(Assert.java:55)
	at com.sgtesting.vaniproject.Validation4assa.createuser(Validation4assa.java:114)
	at java.base/jdk.internal.reflect.NativeMethodAccessorImpl.invoke0(Native Method)
	at java.base/jdk.internal.reflect.NativeMethodAccessorImpl.invoke(NativeMethodAccessorImpl.java:77)
	at java.base/jdk.internal.reflect.DelegatingMethodAccessorImpl.invoke(DelegatingMethodAccessorImpl.java:43)
	at java.base/java.lang.reflect.Method.invoke(Method.java:568)
	at org.testng.internal.MethodInvocationHelper.invokeMethod(MethodInvocationHelper.java:133)
	at org.testng.internal.TestInvoker.invokeMethod(TestInvoker.java:598)
	at org.testng.internal.TestInvoker.invokeTestMethod(TestInvoker.java:173)
	at org.testng.internal.MethodRunner.runInSequence(MethodRunner.java:46)
	at org.testng.internal.TestInvoker$MethodInvocationAgent.invoke(TestInvoker.java:824)
	at org.testng.internal.TestInvoker.invokeTestMethods(TestInvoker.java:146)
	at org.testng.internal.TestMethodWorker.invokeTestMethods(TestMethodWorker.java:146)
	at org.testng.internal.TestMethodWorker.run(TestMethodWorker.java:128)
	at java.base/java.util.ArrayList.forEach(ArrayList.java:1511)
	at org.testng.TestRunner.privateRun(TestRunner.java:794)
	at org.testng.TestRunner.run(TestRunner.java:596)
	at org.testng.SuiteRunner.runTest(SuiteRunner.java:377)
	at org.testng.SuiteRunner.runSequentially(SuiteRunner.java:371)
	at org.testng.SuiteRunner.privateRun(SuiteRunner.java:332)
	at org.testng.SuiteRunner.run(SuiteRunner.java:276)
	at org.testng.SuiteRunnerWorker.runSuite(SuiteRunnerWorker.java:53)
	at org.testng.SuiteRunnerWorker.run(SuiteRunnerWorker.java:96)
	at org.testng.TestNG.runSuitesSequentially(TestNG.java:1212)
	at org.testng.TestNG.runSuitesLocally(TestNG.java:1134)
	at org.testng.TestNG.runSuites(TestNG.java:1063)
	at org.testng.TestNG.run(TestNG.java:1031)
	at org.testng.remote.AbstractRemoteTestNG.run(AbstractRemoteTestNG.java:115)
	at org.testng.remote.RemoteTestNG.initAndRun(RemoteTestNG.java:251)
	at org.testng.remote.RemoteTestNG.main(RemoteTestNG.java:77)
</pre></div></td>
<td>9</td>
<td>com.sgtesting.vaniproject.Validation4assa@4fb3ee4e</td></tr>
<tr>
<td title='com.sgtesting.vaniproject.VaniAss3.createuser()'><b>createuser</b><br>Test class: com.sgtesting.vaniproject.VaniAss3<br>Parameters: cricket, Bat, batandball@gmail.com, ball, bat123, bat123</td>
<td><div><pre>java.lang.AssertionError: expected [true] but found [false]
	at com.sgtesting.vaniproject.VaniAss3.createuser(VaniAss3.java:107)
	at java.base/java.util.ArrayList.forEach(ArrayList.java:1511)
... Removed 31 stack frames</pre></div><a href='#' onClick='toggleBox("stack-trace1973281540", this, "Click to show all stack frames", "Click to hide stack frames")'>Click to show all stack frames</a>
<div class='stack-trace' id='stack-trace1973281540'><pre>java.lang.AssertionError: expected [true] but found [false]
	at org.testng.Assert.fail(Assert.java:99)
	at org.testng.Assert.failNotEquals(Assert.java:1037)
	at org.testng.Assert.assertTrue(Assert.java:45)
	at org.testng.Assert.assertTrue(Assert.java:55)
	at com.sgtesting.vaniproject.VaniAss3.createuser(VaniAss3.java:107)
	at java.base/jdk.internal.reflect.NativeMethodAccessorImpl.invoke0(Native Method)
	at java.base/jdk.internal.reflect.NativeMethodAccessorImpl.invoke(NativeMethodAccessorImpl.java:77)
	at java.base/jdk.internal.reflect.DelegatingMethodAccessorImpl.invoke(DelegatingMethodAccessorImpl.java:43)
	at java.base/java.lang.reflect.Method.invoke(Method.java:568)
	at org.testng.internal.MethodInvocationHelper.invokeMethod(MethodInvocationHelper.java:133)
	at org.testng.internal.TestInvoker.invokeMethod(TestInvoker.java:598)
	at org.testng.internal.TestInvoker.invokeTestMethod(TestInvoker.java:173)
	at org.testng.internal.MethodRunner.runInSequence(MethodRunner.java:46)
	at org.testng.internal.TestInvoker$MethodInvocationAgent.invoke(TestInvoker.java:824)
	at org.testng.internal.TestInvoker.invokeTestMethods(TestInvoker.java:146)
	at org.testng.internal.TestMethodWorker.invokeTestMethods(TestMethodWorker.java:146)
	at org.testng.internal.TestMethodWorker.run(TestMethodWorker.java:128)
	at java.base/java.util.ArrayList.forEach(ArrayList.java:1511)
	at org.testng.TestRunner.privateRun(TestRunner.java:794)
	at org.testng.TestRunner.run(TestRunner.java:596)
	at org.testng.SuiteRunner.runTest(SuiteRunner.java:377)
	at org.testng.SuiteRunner.runSequentially(SuiteRunner.java:371)
	at org.testng.SuiteRunner.privateRun(SuiteRunner.java:332)
	at org.testng.SuiteRunner.run(SuiteRunner.java:276)
	at org.testng.SuiteRunnerWorker.runSuite(SuiteRunnerWorker.java:53)
	at org.testng.SuiteRunnerWorker.run(SuiteRunnerWorker.java:96)
	at org.testng.TestNG.runSuitesSequentially(TestNG.java:1212)
	at org.testng.TestNG.runSuitesLocally(TestNG.java:1134)
	at org.testng.TestNG.runSuites(TestNG.java:1063)
	at org.testng.TestNG.run(TestNG.java:1031)
	at org.testng.remote.AbstractRemoteTestNG.run(AbstractRemoteTestNG.java:115)
	at org.testng.remote.RemoteTestNG.initAndRun(RemoteTestNG.java:251)
	at org.testng.remote.RemoteTestNG.main(RemoteTestNG.java:77)
</pre></div></td>
<td>12</td>
<td>com.sgtesting.vaniproject.VaniAss3@5d7148e2</td></tr>
<tr>
<td title='com.sgtesting.vaniproject.Validation4assa.createuser()'><b>createuser</b><br>Test class: com.sgtesting.vaniproject.Validation4assa<br>Parameters: drink, buttermilk, buttermilk@gmail.com, butterdrink, 123456, 123456</td>
<td><div><pre>java.lang.AssertionError: expected [true] but found [false]
	at com.sgtesting.vaniproject.Validation4assa.createuser(Validation4assa.java:114)
	at java.base/java.util.ArrayList.forEach(ArrayList.java:1511)
... Removed 31 stack frames</pre></div><a href='#' onClick='toggleBox("stack-trace1134043959", this, "Click to show all stack frames", "Click to hide stack frames")'>Click to show all stack frames</a>
<div class='stack-trace' id='stack-trace1134043959'><pre>java.lang.AssertionError: expected [true] but found [false]
	at org.testng.Assert.fail(Assert.java:99)
	at org.testng.Assert.failNotEquals(Assert.java:1037)
	at org.testng.Assert.assertTrue(Assert.java:45)
	at org.testng.Assert.assertTrue(Assert.java:55)
	at com.sgtesting.vaniproject.Validation4assa.createuser(Validation4assa.java:114)
	at java.base/jdk.internal.reflect.NativeMethodAccessorImpl.invoke0(Native Method)
	at java.base/jdk.internal.reflect.NativeMethodAccessorImpl.invoke(NativeMethodAccessorImpl.java:77)
	at java.base/jdk.internal.reflect.DelegatingMethodAccessorImpl.invoke(DelegatingMethodAccessorImpl.java:43)
	at java.base/java.lang.reflect.Method.invoke(Method.java:568)
	at org.testng.internal.MethodInvocationHelper.invokeMethod(MethodInvocationHelper.java:133)
	at org.testng.internal.TestInvoker.invokeMethod(TestInvoker.java:598)
	at org.testng.internal.TestInvoker.invokeTestMethod(TestInvoker.java:173)
	at org.testng.internal.MethodRunner.runInSequence(MethodRunner.java:46)
	at org.testng.internal.TestInvoker$MethodInvocationAgent.invoke(TestInvoker.java:824)
	at org.testng.internal.TestInvoker.invokeTestMethods(TestInvoker.java:146)
	at org.testng.internal.TestMethodWorker.invokeTestMethods(TestMethodWorker.java:146)
	at org.testng.internal.TestMethodWorker.run(TestMethodWorker.java:128)
	at java.base/java.util.ArrayList.forEach(ArrayList.java:1511)
	at org.testng.TestRunner.privateRun(TestRunner.java:794)
	at org.testng.TestRunner.run(TestRunner.java:596)
	at org.testng.SuiteRunner.runTest(SuiteRunner.java:377)
	at org.testng.SuiteRunner.runSequentially(SuiteRunner.java:371)
	at org.testng.SuiteRunner.privateRun(SuiteRunner.java:332)
	at org.testng.SuiteRunner.run(SuiteRunner.java:276)
	at org.testng.SuiteRunnerWorker.runSuite(SuiteRunnerWorker.java:53)
	at org.testng.SuiteRunnerWorker.run(SuiteRunnerWorker.java:96)
	at org.testng.TestNG.runSuitesSequentially(TestNG.java:1212)
	at org.testng.TestNG.runSuitesLocally(TestNG.java:1134)
	at org.testng.TestNG.runSuites(TestNG.java:1063)
	at org.testng.TestNG.run(TestNG.java:1031)
	at org.testng.remote.AbstractRemoteTestNG.run(AbstractRemoteTestNG.java:115)
	at org.testng.remote.RemoteTestNG.initAndRun(RemoteTestNG.java:251)
	at org.testng.remote.RemoteTestNG.main(RemoteTestNG.java:77)
</pre></div></td>
<td>9</td>
<td>com.sgtesting.vaniproject.Validation4assa@4fb3ee4e</td></tr>
</table><p>
<table width='100%' border='1' class='invocation-passed'>
<tr><td colspan='4' align='center'><b>PASSED TESTS</b></td></tr>
<tr><td><b>Test method</b></td>
<td width="30%"><b>Exception</b></td>
<td width="10%"><b>Time (seconds)</b></td>
<td><b>Instance</b></td>
</tr>
<tr>
<td title='com.sgtesting.vaniproject.Validation4assa.minimise()'><b>minimise</b><br>Test class: com.sgtesting.vaniproject.Validation4assa</td>
<td></td>
<td>0</td>
<td>com.sgtesting.vaniproject.Validation4assa@4fb3ee4e</td></tr>
<tr>
<td title='com.sgtesting.vaniproject.VaniAss3.adminLogin()'><b>adminLogin</b><br>Test class: com.sgtesting.vaniproject.VaniAss3<br>Parameters: admin, manager</td>
<td></td>
<td>8</td>
<td>com.sgtesting.vaniproject.VaniAss3@5d7148e2</td></tr>
<tr>
<td title='com.sgtesting.vaniproject.VaniAss3.deleteuser()'><b>deleteuser</b><br>Test class: com.sgtesting.vaniproject.VaniAss3</td>
<td></td>
<td>3</td>
<td>com.sgtesting.vaniproject.VaniAss3@5d7148e2</td></tr>
<tr>
<td title='com.sgtesting.vaniproject.Validation4assa.createuser()'><b>createuser</b><br>Test class: com.sgtesting.vaniproject.Validation4assa<br>Parameters: chintu, puppy, puppy@gmail.com, puppydog, s1234, s1234</td>
<td></td>
<td>9</td>
<td>com.sgtesting.vaniproject.Validation4assa@4fb3ee4e</td></tr>
<tr>
<td title='com.sgtesting.vaniproject.VaniAss3.modifyuser()'><b>modifyuser</b><br>Test class: com.sgtesting.vaniproject.VaniAss3<br>Parameters: ball</td>
<td></td>
<td>6</td>
<td>com.sgtesting.vaniproject.VaniAss3@5d7148e2</td></tr>
<tr>
<td title='com.sgtesting.vaniproject.vanivalidation2.launch()'><b>launch</b><br>Test class: com.sgtesting.vaniproject.vanivalidation2</td>
<td></td>
<td>4</td>
<td>com.sgtesting.vaniproject.vanivalidation2@f5acb9d</td></tr>
<tr>
<td title='com.sgtesting.vaniproject.vaniassaivalidation1.createuser()'><b>createuser</b><br>Test class: com.sgtesting.vaniproject.vaniassaivalidation1<br>Parameters: chintu, puppy, puppy@gmail.com, puppydog, s1234, s1234</td>
<td></td>
<td>9</td>
<td>com.sgtesting.vaniproject.vaniassaivalidation1@28f2a10f</td></tr>
<tr>
<td title='com.sgtesting.vaniproject.VaniAss3.Navigate()'><b>Navigate</b><br>Test class: com.sgtesting.vaniproject.VaniAss3<br>Parameters: http://localhost:81/login.do</td>
<td></td>
<td>2</td>
<td>com.sgtesting.vaniproject.VaniAss3@5d7148e2</td></tr>
<tr>
<td title='com.sgtesting.vaniproject.Validation4assa.launch()'><b>launch</b><br>Test class: com.sgtesting.vaniproject.Validation4assa</td>
<td></td>
<td>4</td>
<td>com.sgtesting.vaniproject.Validation4assa@4fb3ee4e</td></tr>
<tr>
<td title='com.sgtesting.vaniproject.Validation4assa.navigate()'><b>navigate</b><br>Test class: com.sgtesting.vaniproject.Validation4assa<br>Parameters: http://localhost:81/login.do</td>
<td></td>
<td>3</td>
<td>com.sgtesting.vaniproject.Validation4assa@4fb3ee4e</td></tr>
<tr>
<td title='com.sgtesting.vaniproject.VaniAss3.CloseAppln()'><b>CloseAppln</b><br>Test class: com.sgtesting.vaniproject.VaniAss3</td>
<td></td>
<td>0</td>
<td>com.sgtesting.vaniproject.VaniAss3@5d7148e2</td></tr>
<tr>
<td title='com.sgtesting.vaniproject.vanivalidation2.navigate()'><b>navigate</b><br>Test class: com.sgtesting.vaniproject.vanivalidation2<br>Parameters: //*[@id='headerContainer']</td>
<td></td>
<td>3</td>
<td>com.sgtesting.vaniproject.vanivalidation2@f5acb9d</td></tr>
<tr>
<td title='com.sgtesting.vaniproject.Validation4assa.deleteuser()'><b>deleteuser</b><br>Test class: com.sgtesting.vaniproject.Validation4assa</td>
<td></td>
<td>8</td>
<td>com.sgtesting.vaniproject.Validation4assa@4fb3ee4e</td></tr>
<tr>
<td title='com.sgtesting.vaniproject.vaniassaivalidation1.closeapp()'><b>closeapp</b><br>Test class: com.sgtesting.vaniproject.vaniassaivalidation1</td>
<td></td>
<td>0</td>
<td>com.sgtesting.vaniproject.vaniassaivalidation1@28f2a10f</td></tr>
<tr>
<td title='com.sgtesting.vaniproject.VaniAss3.Minimize()'><b>Minimize</b><br>Test class: com.sgtesting.vaniproject.VaniAss3</td>
<td></td>
<td>2</td>
<td>com.sgtesting.vaniproject.VaniAss3@5d7148e2</td></tr>
<tr>
<td title='com.sgtesting.vaniproject.vanivalidation2.login()'><b>login</b><br>Test class: com.sgtesting.vaniproject.vanivalidation2<br>Parameters: admin, manager</td>
<td></td>
<td>4</td>
<td>com.sgtesting.vaniproject.vanivalidation2@f5acb9d</td></tr>
<tr>
<td title='com.sgtesting.vaniproject.VaniAss3.Logout()'><b>Logout</b><br>Test class: com.sgtesting.vaniproject.VaniAss3</td>
<td></td>
<td>2</td>
<td>com.sgtesting.vaniproject.VaniAss3@5d7148e2</td></tr>
<tr>
<td title='com.sgtesting.vaniproject.vanivalidation2.deletecustomer()'><b>deletecustomer</b><br>Test class: com.sgtesting.vaniproject.vanivalidation2</td>
<td></td>
<td>3</td>
<td>com.sgtesting.vaniproject.vanivalidation2@f5acb9d</td></tr>
<tr>
<td title='com.sgtesting.vaniproject.vaniassaivalidation1.adminlogin()'><b>adminlogin</b><br>Test class: com.sgtesting.vaniproject.vaniassaivalidation1<br>Parameters: admin, manager</td>
<td></td>
<td>4</td>
<td>com.sgtesting.vaniproject.vaniassaivalidation1@28f2a10f</td></tr>
<tr>
<td title='com.sgtesting.vaniproject.vanivalidation2.minimise()'><b>minimise</b><br>Test class: com.sgtesting.vaniproject.vanivalidation2</td>
<td></td>
<td>2</td>
<td>com.sgtesting.vaniproject.vanivalidation2@f5acb9d</td></tr>
<tr>
<td title='com.sgtesting.vaniproject.Validation4assa.Logout()'><b>Logout</b><br>Test class: com.sgtesting.vaniproject.Validation4assa</td>
<td></td>
<td>2</td>
<td>com.sgtesting.vaniproject.Validation4assa@4fb3ee4e</td></tr>
<tr>
<td title='com.sgtesting.vaniproject.Validation4assa.adminlogin()'><b>adminlogin</b><br>Test class: com.sgtesting.vaniproject.Validation4assa<br>Parameters: admin, manager</td>
<td></td>
<td>4</td>
<td>com.sgtesting.vaniproject.Validation4assa@4fb3ee4e</td></tr>
<tr>
<td title='com.sgtesting.vaniproject.VaniAss3.launchbrowser()'><b>launchbrowser</b><br>Test class: com.sgtesting.vaniproject.VaniAss3</td>
<td></td>
<td>1</td>
<td>com.sgtesting.vaniproject.VaniAss3@5d7148e2</td></tr>
<tr>
<td title='com.sgtesting.vaniproject.vanivalidation2.Logout()'><b>Logout</b><br>Test class: com.sgtesting.vaniproject.vanivalidation2</td>
<td></td>
<td>6</td>
<td>com.sgtesting.vaniproject.vanivalidation2@f5acb9d</td></tr>
<tr>
<td title='com.sgtesting.vaniproject.vanivalidation2.customer()'><b>customer</b><br>Test class: com.sgtesting.vaniproject.vanivalidation2<br>Parameters: billimeow, billi is a cute cat. cats are mamals which feed their babies and lay babies just like humans</td>
<td></td>
<td>6</td>
<td>com.sgtesting.vaniproject.vanivalidation2@f5acb9d</td></tr>
<tr>
<td title='com.sgtesting.vaniproject.vaniassaivalidation1.deleteuser()'><b>deleteuser</b><br>Test class: com.sgtesting.vaniproject.vaniassaivalidation1</td>
<td></td>
<td>3</td>
<td>com.sgtesting.vaniproject.vaniassaivalidation1@28f2a10f</td></tr>
<tr>
<td title='com.sgtesting.vaniproject.vaniassaivalidation1.Logout()'><b>Logout</b><br>Test class: com.sgtesting.vaniproject.vaniassaivalidation1</td>
<td></td>
<td>2</td>
<td>com.sgtesting.vaniproject.vaniassaivalidation1@28f2a10f</td></tr>
<tr>
<td title='com.sgtesting.vaniproject.vaniassaivalidation1.minimise()'><b>minimise</b><br>Test class: com.sgtesting.vaniproject.vaniassaivalidation1</td>
<td></td>
<td>0</td>
<td>com.sgtesting.vaniproject.vaniassaivalidation1@28f2a10f</td></tr>
<tr>
<td title='com.sgtesting.vaniproject.vaniassaivalidation1.navigate()'><b>navigate</b><br>Test class: com.sgtesting.vaniproject.vaniassaivalidation1<br>Parameters: http://localhost:81/login.do</td>
<td></td>
<td>3</td>
<td>com.sgtesting.vaniproject.vaniassaivalidation1@28f2a10f</td></tr>
<tr>
<td title='com.sgtesting.vaniproject.vaniassaivalidation1.launch()'><b>launch</b><br>Test class: com.sgtesting.vaniproject.vaniassaivalidation1</td>
<td></td>
<td>5</td>
<td>com.sgtesting.vaniproject.vaniassaivalidation1@28f2a10f</td></tr>
<tr>
<td title='com.sgtesting.vaniproject.Validation4assa.closeapp()'><b>closeapp</b><br>Test class: com.sgtesting.vaniproject.Validation4assa</td>
<td></td>
<td>0</td>
<td>com.sgtesting.vaniproject.Validation4assa@4fb3ee4e</td></tr>
</table><p>
</body>
</html>