<?xml version="1.0" encoding="UTF-8"?>
<!-- Generated by org.testng.reporters.JUnitXMLReporter -->
<testsuite ignored="0" hostname="DESKTOP-24V1VQ8" failures="1" tests="35" name="scenarios" time="174.29" errors="0" timestamp="2023-03-31T08:07:19 IST">
  <testcase classname="com.sgtesting.prototype.AssignmentPrototype2" name="launchbrowser" time="3.323"/>
  <testcase classname="com.sgtesting.prototype.AssignmentPrototype2" name="Navigate" time="2.954"/>
  <testcase classname="com.sgtesting.prototype.AssignmentPrototype2" name="adminLogin" time="8.443"/>
  <testcase classname="com.sgtesting.prototype.AssignmentPrototype2" name="Minimize" time="2.34"/>
  <testcase classname="com.sgtesting.prototype.AssignmentPrototype2" name="createuser" time="13.781"/>
  <testcase classname="com.sgtesting.prototype.AssignmentPrototype2" name="deleteuser" time="2.913"/>
  <testcase classname="com.sgtesting.prototype.AssignmentPrototype2" name="Logout" time="2.531"/>
  <testcase classname="com.sgtesting.prototype.AssignmentPrototype2" name="CloseAppln" time="0.268"/>
  <testcase classname="com.sgtesting.prototype.AssignmentPrototype3" name="launchbrowser" time="1.665"/>
  <testcase classname="com.sgtesting.prototype.AssignmentPrototype3" name="Navigate" time="3.044"/>
  <testcase classname="com.sgtesting.prototype.AssignmentPrototype3" name="adminLogin" time="8.379"/>
  <testcase classname="com.sgtesting.prototype.AssignmentPrototype3" name="Minimize" time="2.282"/>
  <testcase classname="com.sgtesting.prototype.AssignmentPrototype3" name="createuser" time="14.891"/>
  <testcase classname="com.sgtesting.prototype.AssignmentPrototype3" name="modifyuser" time="6.142"/>
  <testcase classname="com.sgtesting.prototype.AssignmentPrototype3" name="deleteuser" time="3.175"/>
  <testcase classname="com.sgtesting.prototype.AssignmentPrototype3" name="Logout" time="2.586"/>
  <testcase classname="com.sgtesting.prototype.AssignmentPrototype3" name="CloseAppln" time="0.263"/>
  <testcase classname="com.sgtesting.prototype.AssignmentPrototype4" name="launchbrowser" time="1.45"/>
  <testcase classname="com.sgtesting.prototype.AssignmentPrototype4" name="Navigate" time="3.018"/>
  <testcase classname="com.sgtesting.prototype.AssignmentPrototype4" name="adminLogin" time="8.46"/>
  <testcase classname="com.sgtesting.prototype.AssignmentPrototype4" name="Minimize" time="2.249"/>
  <testcase classname="com.sgtesting.prototype.AssignmentPrototype4" name="createcustomer" time="8.474"/>
  <testcase classname="com.sgtesting.prototype.AssignmentPrototype4" name="deletecustomer" time="4.918"/>
  <testcase classname="com.sgtesting.prototype.AssignmentPrototype4" name="Logout" time="4.494"/>
  <testcase classname="com.sgtesting.prototype.AssignmentPrototype4" name="CloseAppln" time="0.296"/>
  <testcase classname="com.sgtesting.prototype.AssignmentPrototype5" name="launchbrowser" time="1.468"/>
  <testcase classname="com.sgtesting.prototype.AssignmentPrototype5" name="Navigate" time="2.938"/>
  <testcase classname="com.sgtesting.prototype.AssignmentPrototype5" name="adminLogin" time="8.519"/>
  <testcase classname="com.sgtesting.prototype.AssignmentPrototype5" name="Minimize" time="2.391"/>
  <testcase classname="com.sgtesting.prototype.AssignmentPrototype5" name="createuser" time="12.524"/>
  <testcase classname="com.sgtesting.prototype.AssignmentPrototype5" name="createuser" time="11.084"/>
  <testcase classname="com.sgtesting.prototype.AssignmentPrototype5" name="createuser" time="11.213">
    <failure type="java.lang.AssertionError" message="expected [true] but found [false]">
      <![CDATA[java.lang.AssertionError: expected [true] but found [false]
at com.sgtesting.prototype.AssignmentPrototype5.createuser(AssignmentPrototype5.java:108)
at java.base/java.util.ArrayList.forEach(ArrayList.java:1511)
... Removed 31 stack frames]]>
    </failure>
  </testcase> <!-- createuser -->
  <testcase classname="com.sgtesting.prototype.AssignmentPrototype5" name="deleteuser" time="8.663"/>
  <testcase classname="com.sgtesting.prototype.AssignmentPrototype5" name="Logout" time="2.533"/>
  <testcase classname="com.sgtesting.prototype.AssignmentPrototype5" name="CloseAppln" time="0.303"/>
</testsuite> <!-- scenarios -->
