<?xml version="1.0" encoding="UTF-8"?>
<testng-results ignored="0" total="9" passed="8" failed="1" skipped="0">
  <reporter-output>
  </reporter-output>
  <suite started-at="2023-03-31T08:14:21 IST" name="Default suite" finished-at="2023-03-31T08:15:04 IST" duration-ms="42803">
    <groups>
    </groups>
    <test started-at="2023-03-31T08:14:21 IST" name="Default test" finished-at="2023-03-31T08:15:04 IST" duration-ms="42803">
      <class name="com.sgtesting.vaniproject.VaniAss3">
        <test-method signature="launchbrowser()[pri:1, instance:com.sgtesting.vaniproject.VaniAss3@32ee6fee]" started-at="2023-03-31T08:14:21 IST" name="launchbrowser" finished-at="2023-03-31T08:14:25 IST" duration-ms="4241" status="PASS">
          <reporter-output>
          </reporter-output>
        </test-method> <!-- launchbrowser -->
        <test-method signature="Navigate(java.lang.String)[pri:2, instance:com.sgtesting.vaniproject.VaniAss3@32ee6fee]" started-at="2023-03-31T08:14:25 IST" name="Navigate" data-provider="url" finished-at="2023-03-31T08:14:29 IST" duration-ms="3455" status="PASS">
          <params>
            <param index="0">
              <value>
                <![CDATA[http://localhost:81/login.do]]>
              </value>
            </param>
          </params>
          <reporter-output>
          </reporter-output>
        </test-method> <!-- Navigate -->
        <test-method signature="adminLogin(java.lang.String,java.lang.String)[pri:3, instance:com.sgtesting.vaniproject.VaniAss3@32ee6fee]" started-at="2023-03-31T08:14:29 IST" name="adminLogin" data-provider="Logindata" finished-at="2023-03-31T08:14:37 IST" duration-ms="8525" status="PASS">
          <params>
            <param index="0">
              <value>
                <![CDATA[admin]]>
              </value>
            </param>
            <param index="1">
              <value>
                <![CDATA[manager]]>
              </value>
            </param>
          </params>
          <reporter-output>
          </reporter-output>
        </test-method> <!-- adminLogin -->
        <test-method signature="Minimize()[pri:4, instance:com.sgtesting.vaniproject.VaniAss3@32ee6fee]" started-at="2023-03-31T08:14:37 IST" name="Minimize" finished-at="2023-03-31T08:14:40 IST" duration-ms="2316" status="PASS">
          <reporter-output>
          </reporter-output>
        </test-method> <!-- Minimize -->
        <test-method signature="createuser(java.lang.String,java.lang.String,java.lang.String,java.lang.String,java.lang.String,java.lang.String)[pri:5, instance:com.sgtesting.vaniproject.VaniAss3@32ee6fee]" started-at="2023-03-31T08:14:40 IST" name="createuser" data-provider="userdetails" finished-at="2023-03-31T08:14:52 IST" duration-ms="12074" status="FAIL">
          <params>
            <param index="0">
              <value>
                <![CDATA[cricket]]>
              </value>
            </param>
            <param index="1">
              <value>
                <![CDATA[Bat]]>
              </value>
            </param>
            <param index="2">
              <value>
                <![CDATA[batandball@gmail.com]]>
              </value>
            </param>
            <param index="3">
              <value>
                <![CDATA[ball]]>
              </value>
            </param>
            <param index="4">
              <value>
                <![CDATA[bat123]]>
              </value>
            </param>
            <param index="5">
              <value>
                <![CDATA[bat123]]>
              </value>
            </param>
          </params>
          <exception class="java.lang.AssertionError">
            <message>
              <![CDATA[expected [true] but found [false]]]>
            </message>
            <full-stacktrace>
              <![CDATA[java.lang.AssertionError: expected [true] but found [false]
at org.testng.Assert.fail(Assert.java:99)
at org.testng.Assert.failNotEquals(Assert.java:1037)
at org.testng.Assert.assertTrue(Assert.java:45)
at org.testng.Assert.assertTrue(Assert.java:55)
at com.sgtesting.vaniproject.VaniAss3.createuser(VaniAss3.java:107)
at java.base/jdk.internal.reflect.NativeMethodAccessorImpl.invoke0(Native Method)
at java.base/jdk.internal.reflect.NativeMethodAccessorImpl.invoke(NativeMethodAccessorImpl.java:77)
at java.base/jdk.internal.reflect.DelegatingMethodAccessorImpl.invoke(DelegatingMethodAccessorImpl.java:43)
at java.base/java.lang.reflect.Method.invoke(Method.java:568)
at org.testng.internal.MethodInvocationHelper.invokeMethod(MethodInvocationHelper.java:133)
at org.testng.internal.TestInvoker.invokeMethod(TestInvoker.java:598)
at org.testng.internal.TestInvoker.invokeTestMethod(TestInvoker.java:173)
at org.testng.internal.MethodRunner.runInSequence(MethodRunner.java:46)
at org.testng.internal.TestInvoker$MethodInvocationAgent.invoke(TestInvoker.java:824)
at org.testng.internal.TestInvoker.invokeTestMethods(TestInvoker.java:146)
at org.testng.internal.TestMethodWorker.invokeTestMethods(TestMethodWorker.java:146)
at org.testng.internal.TestMethodWorker.run(TestMethodWorker.java:128)
at java.base/java.util.ArrayList.forEach(ArrayList.java:1511)
at org.testng.TestRunner.privateRun(TestRunner.java:794)
at org.testng.TestRunner.run(TestRunner.java:596)
at org.testng.SuiteRunner.runTest(SuiteRunner.java:377)
at org.testng.SuiteRunner.runSequentially(SuiteRunner.java:371)
at org.testng.SuiteRunner.privateRun(SuiteRunner.java:332)
at org.testng.SuiteRunner.run(SuiteRunner.java:276)
at org.testng.SuiteRunnerWorker.runSuite(SuiteRunnerWorker.java:53)
at org.testng.SuiteRunnerWorker.run(SuiteRunnerWorker.java:96)
at org.testng.TestNG.runSuitesSequentially(TestNG.java:1212)
at org.testng.TestNG.runSuitesLocally(TestNG.java:1134)
at org.testng.TestNG.runSuites(TestNG.java:1063)
at org.testng.TestNG.run(TestNG.java:1031)
at org.testng.remote.AbstractRemoteTestNG.run(AbstractRemoteTestNG.java:115)
at org.testng.remote.RemoteTestNG.initAndRun(RemoteTestNG.java:251)
at org.testng.remote.RemoteTestNG.main(RemoteTestNG.java:77)
]]>
            </full-stacktrace>
          </exception> <!-- java.lang.AssertionError -->
          <reporter-output>
          </reporter-output>
        </test-method> <!-- createuser -->
        <test-method signature="modifyuser(java.lang.String)[pri:6, instance:com.sgtesting.vaniproject.VaniAss3@32ee6fee]" started-at="2023-03-31T08:14:52 IST" name="modifyuser" data-provider="modifyname" finished-at="2023-03-31T08:14:58 IST" duration-ms="6199" status="PASS">
          <params>
            <param index="0">
              <value>
                <![CDATA[ball]]>
              </value>
            </param>
          </params>
          <reporter-output>
          </reporter-output>
        </test-method> <!-- modifyuser -->
        <test-method signature="deleteuser()[pri:7, instance:com.sgtesting.vaniproject.VaniAss3@32ee6fee]" started-at="2023-03-31T08:14:58 IST" name="deleteuser" finished-at="2023-03-31T08:15:01 IST" duration-ms="3124" status="PASS">
          <reporter-output>
          </reporter-output>
        </test-method> <!-- deleteuser -->
        <test-method signature="Logout()[pri:8, instance:com.sgtesting.vaniproject.VaniAss3@32ee6fee]" started-at="2023-03-31T08:15:01 IST" name="Logout" finished-at="2023-03-31T08:15:03 IST" duration-ms="2427" status="PASS">
          <reporter-output>
          </reporter-output>
        </test-method> <!-- Logout -->
        <test-method signature="CloseAppln()[pri:9, instance:com.sgtesting.vaniproject.VaniAss3@32ee6fee]" started-at="2023-03-31T08:15:03 IST" name="CloseAppln" finished-at="2023-03-31T08:15:04 IST" duration-ms="289" status="PASS">
          <reporter-output>
          </reporter-output>
        </test-method> <!-- CloseAppln -->
      </class> <!-- com.sgtesting.vaniproject.VaniAss3 -->
    </test> <!-- Default test -->
  </suite> <!-- Default suite -->
</testng-results>
